<?xml version="1.0" encoding="UTF-8"?>
<!-- Generated by org.testng.reporters.JUnitReportReporter -->
<testsuite hostname="Aravind" failures="0" tests="4" name="testpackage.Saucedemotest" time="18.724" errors="0" timestamp="2024-05-09T16:25:35 IST" skipped="0">
  <testcase classname="testpackage.Saucedemotest" name="LogintoSite" time="5.034"/>
  <testcase classname="testpackage.Saucedemotest" name="AddProductstoCart" time="6.090"/>
  <testcase classname="testpackage.Saucedemotest" name="EnterPersonalDetails" time="2.539"/>
  <testcase classname="testpackage.Saucedemotest" name="GotoHomeandLogout" time="5.061"/>
</testsuite> <!-- testpackage.Saucedemotest -->
